<?xml version="1.0" encoding="UTF-8"?>
<testng-results skipped="0" failed="0" total="2" passed="2">
  <reporter-output>
  </reporter-output>
  <suite name="AndroidAPP.AppTest" duration-ms="53603" started-at="2019-04-14T21:35:18Z" finished-at="2019-04-14T21:36:12Z">
    <groups>
    </groups>
    <test name="Command line test" duration-ms="53603" started-at="2019-04-14T21:35:18Z" finished-at="2019-04-14T21:36:12Z">
      <class name="AndroidAPP.AppTest">
        <test-method status="PASS" signature="testdata()[pri:0, instance:AndroidAPP.AppTest@23a2f9]" name="testdata" is-config="true" duration-ms="734" started-at="2019-04-15T03:05:18Z" finished-at="2019-04-15T03:05:18Z">
          <reporter-output>
          </reporter-output>
        </test-method> <!-- testdata -->
        <test-method status="PASS" signature="Desiredcapablities()[pri:0, instance:AndroidAPP.AppTest@23a2f9]" name="Desiredcapablities" is-config="true" duration-ms="13857" started-at="2019-04-15T03:05:18Z" finished-at="2019-04-15T03:05:32Z">
          <reporter-output>
          </reporter-output>
        </test-method> <!-- Desiredcapablities -->
        <test-method status="PASS" signature="Test1()[pri:0, instance:AndroidAPP.AppTest@23a2f9]" name="Test1" duration-ms="13631" started-at="2019-04-15T03:05:32Z" finished-at="2019-04-15T03:05:46Z">
          <reporter-output>
          </reporter-output>
        </test-method> <!-- Test1 -->
        <test-method status="PASS" signature="Test2()[pri:0, instance:AndroidAPP.AppTest@23a2f9]" name="Test2" duration-ms="26107" started-at="2019-04-15T03:05:46Z" finished-at="2019-04-15T03:06:12Z">
          <reporter-output>
          </reporter-output>
        </test-method> <!-- Test2 -->
      </class> <!-- AndroidAPP.AppTest -->
    </test> <!-- Command line test -->
  </suite> <!-- AndroidAPP.AppTest -->
</testng-results>
